Received request at /callback
Headers: {
  "host": "terrapin-infinite-pony.ngrok-free.app",
  "user-agent": "GuzzleHttp/7",
  "content-length": "654",
  "channel-id": "FINPAY",
  "content-type": "application/json",
  "x-external-id": "181fb641-0651-4776-9c06-a49fe6262555",
  "x-forwarded-for": "34.101.131.87",
  "x-forwarded-host": "terrapin-infinite-pony.ngrok-free.app",
  "x-forwarded-proto": "https",
  "x-partner-id": "PTMW388",
  "x-signature": "MWMpLCUVe6IQ0Mz39tj/fceQUSE5XsjiOjhCdRvkwRZj/TwioSOqscFyb9r23sDPHBTA7EJPPwpX+cEOxt/IVbeGgPHjEHR8m3khYvDR+KYBemi4IX7FGLnsoGW4TuNOgnKGsguzF39I8DNz88rDVlejyJiWTwaSq8NSXYBe/XJ6xBzd7e5bUi8u3mZDv4fen3Q1BajDA33bsBGQHHHXBblTYkoTpOa96ZUKDWfISYY/OlKm3RAIE/BritSTW802kb1xE11kMA4HPe+vICqS7RJZZmMXjBSyrT7Mq4IkmW3OmuN3RmMYk54RAImTj2lMnIrH4RERrcHtd+IWLkVDHA5cV7cASTz0PxOxRk0Ta1PAmegLndW8uzL7no2T2mGqR39wO4MmhCsJ5CTxg14FJ078zPQXZ8usHJUQxPXT2VexkCtLFJe5SRAi07ME/zVRdoQGxW5wtb+M7Yk672S3i4fdOj9a/ZPWufXxGpY0Ma6aXiAp2hY5nsVdg1PzMaiNi83xZn/mEkDDYHGdDQpBLyvRzorVnoXGKr9jkmUXXgX2+UPHQYKpR58J+CdP4kAcFwCLaxVWxKTQQCPblOTLq4VXFUpVBUXgpYhuu+GVSMI2dhfdpaqQdYnve775SbUs87Bs/RTguoBs4590p/mOvXMYE0KHpW0+97cpl/w0cjI=",
  "x-timestamp": "2025-09-18T17:06:18+07:00",
  "accept-encoding": "gzip"
}
Body: {
  "merchant": {
    "id": "PTMW388"
  },
  "customer": {
    "id": ""
  },
  "order": {
    "id": "TX604860-926105",
    "reference": "181fb641-0651-4776-9c06-a49fe6262555",
    "amount": 200000,
    "currency": "IDR"
  },
  "transaction": {
    "acquirerId": null
  },
  "sourceOfFunds": {
    "type": "vabca",
    "paymentCode": "3833700000010215"
  },
  "meta": {
    "data": null
  },
  "result": {
    "payment": {
      "status": "PAID",
      "statusDesc": "PAID",
      "userDesc": "Your transaction was successful",
      "datetime": "2025-09-18 17:06:17",
      "reference": "2c962699-04f5-4dce-8770-58365f65b6a8014",
      "channel": "014",
      "amount": 200000
    }
  },
  "signature": "4f126e12493e1a8305c67664d39246e93d322c0e49fc8bf98e559ea64d8ecdb0e8fc371df95e10407141f9c97c85a84d8383e9fa29627d0d6692899435ea5421"
}